<?xml version="1.0" encoding="UTF-8"?>
<!-- Generated by org.testng.reporters.JUnitXMLReporter -->
<testsuite hostname="somesh-PC" name="Smoke" tests="9" failures="0" timestamp="3 Jul 2018 06:59:04 GMT" time="31.079" errors="0">
  <testcase name="firstTest" time="0.006" classname="com.vasu.testng.FirstTestNg"/>
  <testcase name="metho1" time="0.004" classname="com.vasu.testng.AnnotationsTest"/>
  <testcase name="metho2" time="0.004" classname="com.vasu.testng.AnnotationsTest"/>
  <testcase name="appClose" time="0.001" classname="com.vasu.testng.MultipleTestCases"/>
  <testcase name="appLaunch" time="0.001" classname="com.vasu.testng.MultipleTestCases"/>
  <testcase name="appLogin" time="0.003" classname="com.vasu.testng.MultipleTestCases"/>
  <testcase name="appLogin" time="2.271" classname="com.vasu.testng.AdminLogin"/>
  <testcase name="validation" time="0.001" classname="com.vasu.testng.ValidationTest"/>
  <testcase name="appLaunch" time="5.895" classname="com.vasu.testng.AppLaunchTest"/>
</testsuite> <!-- Smoke -->
