<?xml version="1.0" encoding="UTF-8"?>
<testng-results skipped="0" failed="0" total="2" passed="2">
  <reporter-output>
  </reporter-output>
  <suite name="Anil" duration-ms="87998" started-at="2018-07-14T05:54:42Z" finished-at="2018-07-14T05:56:10Z">
    <groups>
    </groups>
    <test name="Sample" duration-ms="87998" started-at="2018-07-14T05:54:42Z" finished-at="2018-07-14T05:56:10Z">
      <class name="com.vasu.testng.EmpListTest">
        <test-method status="PASS" signature="empList()[pri:0, instance:com.vasu.testng.EmpListTest@51efea79]" name="empList" duration-ms="2665" started-at="2018-07-14T11:26:06Z" finished-at="2018-07-14T11:26:08Z">
          <reporter-output>
          </reporter-output>
        </test-method> <!-- empList -->
      </class> <!-- com.vasu.testng.EmpListTest -->
      <class name="com.vasu.testng.AddEmpTest">
        <test-method status="PASS" signature="appLaunch()[pri:0, instance:com.vasu.testng.AddEmpTest@6d00a15d]" name="appLaunch" is-config="true" duration-ms="16921" started-at="2018-07-14T11:24:25Z" finished-at="2018-07-14T11:24:42Z">
          <reporter-output>
          </reporter-output>
        </test-method> <!-- appLaunch -->
        <test-method status="PASS" signature="appLogin()[pri:0, instance:com.vasu.testng.AddEmpTest@6d00a15d]" name="appLogin" is-config="true" duration-ms="3051" started-at="2018-07-14T11:24:42Z" finished-at="2018-07-14T11:24:45Z">
          <reporter-output>
          </reporter-output>
        </test-method> <!-- appLogin -->
        <test-method status="PASS" signature="empAdd()[pri:0, instance:com.vasu.testng.AddEmpTest@6d00a15d]" name="empAdd" duration-ms="80940" started-at="2018-07-14T11:24:45Z" finished-at="2018-07-14T11:26:06Z">
          <reporter-output>
          </reporter-output>
        </test-method> <!-- empAdd -->
        <test-method status="PASS" signature="appLogout()[pri:0, instance:com.vasu.testng.AddEmpTest@6d00a15d]" name="appLogout" is-config="true" duration-ms="1315" started-at="2018-07-14T11:26:08Z" finished-at="2018-07-14T11:26:10Z">
          <reporter-output>
          </reporter-output>
        </test-method> <!-- appLogout -->
        <test-method status="PASS" signature="appClose()[pri:0, instance:com.vasu.testng.AddEmpTest@6d00a15d]" name="appClose" is-config="true" duration-ms="6" started-at="2018-07-14T11:26:10Z" finished-at="2018-07-14T11:26:10Z">
          <reporter-output>
          </reporter-output>
        </test-method> <!-- appClose -->
      </class> <!-- com.vasu.testng.AddEmpTest -->
    </test> <!-- Sample -->
  </suite> <!-- Anil -->
</testng-results>
